<?xml version="1.0" encoding="UTF-8"?>
<!-- Generated by org.testng.reporters.JUnitReportReporter -->
<testsuite skipped="0" hostname="LAPTOP-2UH916GH" name="com.Automation.Tasks.createNewCustomerTest" tests="1" failures="0" timestamp="21 May 2022 17:56:05 GMT" time="32.680" errors="0">
  <testcase name="createnewtest" time="32.680" classname="com.Automation.Tasks.createNewCustomerTest"/>
</testsuite> <!-- com.Automation.Tasks.createNewCustomerTest -->
