<?xml version="1.0" encoding="UTF-8"?>
<!-- Generated by org.testng.reporters.JUnitReportReporter -->
<testsuite skipped="0" hostname="LAPTOP-2UH916GH" name="com.Automation.Login.ValidLoginTest" tests="1" failures="0" timestamp="19 May 2022 04:53:43 GMT" time="9.657" errors="0">
  <testcase name="ValidLogin" time="9.657" classname="com.Automation.Login.ValidLoginTest"/>
</testsuite> <!-- com.Automation.Login.ValidLoginTest -->
